# JRE version: OpenJDK Runtime Environment Temurin-11.0.14.1+1 (11.0.14.1+1) (build 11.0.14.1+1)
# Java VM: OpenJDK 64-Bit Server VM Temurin-11.0.14.1+1 (11.0.14.1+1, mixed mode, tiered, compressed oops, g1 gc, windows-amd64)
Heap:
 garbage-first heap   total 262144K, used 209395K [0x00000000c0000000, 0x0000000100000000)
  region size 1024K, 4 young (4096K), 1 survivors (1024K)
 Metaspace       used 151052K, capacity 163463K, committed 163624K, reserved 1191936K
  class space    used 16601K, capacity 20583K, committed 20680K, reserved 1048576K
GC Heap History (20 events):
Event: 12873.036 GC heap before
{Heap before GC invocations=496 (full 0):
 garbage-first heap   total 262144K, used 225800K [0x00000000c0000000, 0x0000000100000000)
  region size 1024K, 36 young (36864K), 6 survivors (6144K)
 Metaspace       used 151006K, capacity 163460K, committed 163624K, reserved 1191936K
  class space    used 16601K, capacity 20583K, committed 20680K, reserved 1048576K
}
Event: 12873.045 GC heap after
{Heap after GC invocations=497 (full 0):
 garbage-first heap   total 262144K, used 190777K [0x00000000c0000000, 0x0000000100000000)
  region size 1024K, 1 young (1024K), 1 survivors (1024K)
 Metaspace       used 151006K, capacity 163460K, committed 163624K, reserved 1191936K
  class space    used 16601K, capacity 20583K, committed 20680K, reserved 1048576K
}
Event: 12876.172 GC heap before
{Heap before GC invocations=497 (full 0):
 garbage-first heap   total 262144K, used 222521K [0x00000000c0000000, 0x0000000100000000)
  region size 1024K, 33 young (33792K), 1 survivors (1024K)
 Metaspace       used 151006K, capacity 163460K, committed 163624K, reserved 1191936K
  class space    used 16601K, capacity 20583K, committed 20680K, reserved 1048576K
}
Event: 12876.182 GC heap after
{Heap after GC invocations=498 (full 0):
 garbage-first heap   total 262144K, used 194192K [0x00000000c0000000, 0x0000000100000000)
  region size 1024K, 5 young (5120K), 5 survivors (5120K)
 Metaspace       used 151006K, capacity 163460K, committed 163624K, reserved 1191936K
  class space    used 16601K, capacity 20583K, committed 20680K, reserved 1048576K
}
Event: 12880.121 GC heap before
{Heap before GC invocations=498 (full 0):
 garbage-first heap   total 262144K, used 222864K [0x00000000c0000000, 0x0000000100000000)
  region size 1024K, 34 young (34816K), 5 survivors (5120K)
 Metaspace       used 151010K, capacity 163462K, committed 163624K, reserved 1191936K
  class space    used 16601K, capacity 20583K, committed 20680K, reserved 1048576K
}
Event: 12880.128 GC heap after
{Heap after GC invocations=499 (full 0):
 garbage-first heap   total 262144K, used 193696K [0x00000000c0000000, 0x0000000100000000)
  region size 1024K, 1 young (1024K), 1 survivors (1024K)
 Metaspace       used 151010K, capacity 163462K, committed 163624K, reserved 1191936K
  class space    used 16601K, capacity 20583K, committed 20680K, reserved 1048576K
}
Event: 12881.483 GC heap before
{Heap before GC invocations=499 (full 0):
 garbage-first heap   total 262144K, used 224416K [0x00000000c0000000, 0x0000000100000000)
  region size 1024K, 32 young (32768K), 1 survivors (1024K)
 Metaspace       used 151027K, capacity 163462K, committed 163624K, reserved 1191936K
  class space    used 16601K, capacity 20583K, committed 20680K, reserved 1048576K
}
Event: 12881.488 GC heap after
{Heap after GC invocations=500 (full 0):
 garbage-first heap   total 262144K, used 193415K [0x00000000c0000000, 0x0000000100000000)
  region size 1024K, 1 young (1024K), 1 survivors (1024K)
 Metaspace       used 151027K, capacity 163462K, committed 163624K, reserved 1191936K
  class space    used 16601K, capacity 20583K, committed 20680K, reserved 1048576K
}
Event: 12882.386 GC heap before
{Heap before GC invocations=500 (full 0):
 garbage-first heap   total 262144K, used 225159K [0x00000000c0000000, 0x0000000100000000)
  region size 1024K, 33 young (33792K), 1 survivors (1024K)
 Metaspace       used 151036K, capacity 163463K, committed 163624K, reserved 1191936K
  class space    used 16601K, capacity 20583K, committed 20680K, reserved 1048576K
}
Event: 12882.398 GC heap after
{Heap after GC invocations=501 (full 0):
 garbage-first heap   total 262144K, used 194083K [0x00000000c0000000, 0x0000000100000000)
  region size 1024K, 2 young (2048K), 2 survivors (2048K)
 Metaspace       used 151036K, capacity 163463K, committed 163624K, reserved 1191936K
  class space    used 16601K, capacity 20583K, committed 20680K, reserved 1048576K
}
Event: 12886.658 GC heap before
{Heap before GC invocations=501 (full 0):
 garbage-first heap   total 262144K, used 225827K [0x00000000c0000000, 0x0000000100000000)
  region size 1024K, 34 young (34816K), 2 survivors (2048K)
 Metaspace       used 151040K, capacity 163463K, committed 163624K, reserved 1191936K
  class space    used 16601K, capacity 20583K, committed 20680K, reserved 1048576K
}
Event: 12886.665 GC heap after
{Heap after GC invocations=502 (full 0):
 garbage-first heap   total 262144K, used 195973K [0x00000000c0000000, 0x0000000100000000)
  region size 1024K, 4 young (4096K), 4 survivors (4096K)
 Metaspace       used 151040K, capacity 163463K, committed 163624K, reserved 1191936K
  class space    used 16601K, capacity 20583K, committed 20680K, reserved 1048576K
}
Event: 12887.218 GC heap before
{Heap before GC invocations=502 (full 0):
 garbage-first heap   total 262144K, used 226693K [0x00000000c0000000, 0x0000000100000000)
  region size 1024K, 34 young (34816K), 4 survivors (4096K)
 Metaspace       used 151040K, capacity 163463K, committed 163624K, reserved 1191936K
  class space    used 16601K, capacity 20583K, committed 20680K, reserved 1048576K
}
Event: 12887.226 GC heap after
{Heap after GC invocations=503 (full 0):
 garbage-first heap   total 262144K, used 196155K [0x00000000c0000000, 0x0000000100000000)
  region size 1024K, 3 young (3072K), 3 survivors (3072K)
 Metaspace       used 151040K, capacity 163463K, committed 163624K, reserved 1191936K
  class space    used 16601K, capacity 20583K, committed 20680K, reserved 1048576K
}
Event: 12888.676 GC heap before
{Heap before GC invocations=503 (full 0):
 garbage-first heap   total 262144K, used 226875K [0x00000000c0000000, 0x0000000100000000)
  region size 1024K, 34 young (34816K), 3 survivors (3072K)
 Metaspace       used 151048K, capacity 163463K, committed 163624K, reserved 1191936K
  class space    used 16601K, capacity 20583K, committed 20680K, reserved 1048576K
}
Event: 12888.686 GC heap after
{Heap after GC invocations=504 (full 0):
 garbage-first heap   total 262144K, used 199612K [0x00000000c0000000, 0x0000000100000000)
  region size 1024K, 5 young (5120K), 5 survivors (5120K)
 Metaspace       used 151048K, capacity 163463K, committed 163624K, reserved 1191936K
  class space    used 16601K, capacity 20583K, committed 20680K, reserved 1048576K
}
Event: 12889.364 GC heap before
{Heap before GC invocations=504 (full 0):
 garbage-first heap   total 262144K, used 231356K [0x00000000c0000000, 0x0000000100000000)
  region size 1024K, 33 young (33792K), 5 survivors (5120K)
 Metaspace       used 151052K, capacity 163463K, committed 163624K, reserved 1191936K
  class space    used 16601K, capacity 20583K, committed 20680K, reserved 1048576K
}
Event: 12889.372 GC heap after
{Heap after GC invocations=505 (full 0):
 garbage-first heap   total 262144K, used 203746K [0x00000000c0000000, 0x0000000100000000)
  region size 1024K, 2 young (2048K), 2 survivors (2048K)
 Metaspace       used 151052K, capacity 163463K, committed 163624K, reserved 1191936K
  class space    used 16601K, capacity 20583K, committed 20680K, reserved 1048576K
}
Event: 12889.472 GC heap before
{Heap before GC invocations=505 (full 0):
 garbage-first heap   total 262144K, used 208866K [0x00000000c0000000, 0x0000000100000000)
  region size 1024K, 8 young (8192K), 2 survivors (2048K)
 Metaspace       used 151052K, capacity 163463K, committed 163624K, reserved 1191936K
  class space    used 16601K, capacity 20583K, committed 20680K, reserved 1048576K
}
Event: 12889.478 GC heap after
{Heap after GC invocations=506 (full 0):
 garbage-first heap   total 262144K, used 203251K [0x00000000c0000000, 0x0000000100000000)
  region size 1024K, 1 young (1024K), 1 survivors (1024K)
 Metaspace       used 151052K, capacity 163463K, committed 163624K, reserved 1191936K
  class space    used 16601K, capacity 20583K, committed 20680K, reserved 1048576K
}

